Arguments: 
  C:\Program Files\nodejs\node.exe C:\Users\Makcim\AppData\Roaming\npm\node_modules\yarn\bin\yarn.js

PATH: 
  C:\Program Files\Common Files\Oracle\Java\javapath;C:\Program Files (x86)\Common Files\Oracle\Java\javapath;C:\Program Files (x86)\VMware\VMware Workstation\bin\;C:\Program Files (x86)\Common Files\Intel\Shared Libraries\redist\intel64\compiler;C:\Program Files (x86)\Common Files\Intel\Shared Libraries\redist\ia32\compiler;C:\Python39\Scripts\;C:\Python39\;C:\Windows\system32;C:\Windows;C:\Windows\System32\Wbem;C:\Windows\System32\WindowsPowerShell\v1.0\;C:\Windows\System32\OpenSSH\;C:\MinGW\bin;C:\Program Files\dotnet\;C:\masm32\bin;C:\Program Files\Git\cmd;C:\Users\Makcim\AppData\Local\Microsoft\WindowsApps;C:\Users\Makcim\AppData\Roaming\npm;C:\Users\Makcim\AppData\Local\Programs\Microsoft VS Code\bin;C:\MinGW\bin;C:\Users\Makcim\AppData\Local\GitHubDesktop\bin;C:\masm32\bin;C:\Program Files\heroku\bin;C:\adb;C:\masm32\include;C:\Program Files (x86)\NVIDIA Corporation\PhysX\Common;D:\Program Files\MongoDB\Server\6.0\bin;C:\Program Files\Cloudflare\Cloudflare WARP\;C:\Program Files\nodejs\;C:\Program Files\Microsoft SQL Server\Client SDK\ODBC\130\Tools\Binn\;C:\Program Files (x86)\Microsoft SQL Server\140\Tools\Binn\;C:\Program Files\Microsoft SQL Server\140\Tools\Binn\;C:\Program Files\Microsoft SQL Server\140\DTS\Binn\;C:\Program Files\MySQL\MySQL Shell 8.0\bin\;C:\Users\Makcim\AppData\Local\Microsoft\WindowsApps;D:\Program Files\WebStorm 2022.3.2\bin;;C:\Users\Makcim\AppData\Local\Programs\Microsoft VS Code\bin;C:\MinGW\bin;C:\Users\Makcim\AppData\Local\GitHubDesktop\bin;C:\masm32\bin;C:\Program Files\heroku\bin;C:\masm32\include;C:\Program Files\Java\jre1.8.0_341\bin;D:\Program Files\MongoDB\Server\6.0\bin;;D:\Program Files\IntelliJ IDEA 2022.3.2\bin;;C:\Users\Makcim\AppData\Roaming\npm;D:\Рабочий стол\IH-201 chat\api\node_modules\.bin

Yarn version: 
  1.22.19

Node version: 
  18.14.0

Platform: 
  win32 x64

Trace: 
  SyntaxError: D:\Рабочий стол\IH-201 chat\api\package.json: Unexpected token } in JSON at position 546
      at JSON.parse (<anonymous>)
      at C:\Users\Makcim\AppData\Roaming\npm\node_modules\yarn\lib\cli.js:1629:59
      at Generator.next (<anonymous>)
      at step (C:\Users\Makcim\AppData\Roaming\npm\node_modules\yarn\lib\cli.js:310:30)
      at C:\Users\Makcim\AppData\Roaming\npm\node_modules\yarn\lib\cli.js:321:13

npm manifest: 
  {
    "name": "chat_IH-201_api",
    "version": "1.0.0",
    "main": "user-router.js",
    "scripts": {
      "start": "node user-router.js",
      "dev": "nodemon user-router.js"
    },
    "license": "MIT",
    "dependencies": {
      "bcrypt": "^5.1.0",
      "cors": "^2.8.5",
      "dotenv": "^16.0.3",
      "express": "^4.18.2",
      "express-validator": "^6.15.0",
      "jsonwebtoken": "^9.0.0",
      "mongoose": "^7.0.1",
      "multer": "^1.4.5-lts.1",
      "nodemailer": "^6.9.1",
      "socket.io": "^4.6.1",
      "uuid": "^9.0.0"
    },
    "devDependencies": {
      "nodemon": "^2.0.21",
    }
  }

yarn manifest: 
  No manifest

Lockfile: 
  No lockfile
